İsim: Bugra, Soyisim: Akdemir
K aDİ: Bugra, Şifre: Akdemir
K aDİ: , Şifre: 
K aDİ: , Şifre: 
K aDİ: e34r4r, Şifre: frfrf
K aDİ: gtgt, Şifre: gtgtgt
K aDİ: gtgtgtg, Şifre: gtgt
K aDİ: s1r.bugra, Şifre: bugra2005b
K aDİ: Bb, Şifre: Dd
K aDİ: s1r.bugra, Şifre: şifre gir
K aDİ: Bugra, Şifre: Akdemir
K aDİ: dedede, Şifre: ededesd
K aDİ: , Şifre: 
K aDİ: , Şifre: 
K aDİ: Bugra, Şifre: zxsxsxsx
K aDİ: Bugra
Password: aqwswws

K aDİ: fefef
Password: efefefef

K aDİ: dedede
Password: dedede

K aDİ: frfrf
Password: rfrfrfrf

K aDİ: frfrf
Password: rfrfrfrf

K aDİ: hyh
Password: yhyhy

K aDİ: hyh
Password: yhyhy

K aDİ: f4f4
Password: f4f4

K aDİ: 
Password: 

K aDİ: DEDE
Password: DEDEDE

K aDİ: pasisko
Password: berrasu37

K aDİ: pasisko_
Password: berrasu37

K aDİ: XC
Password: CXCX

K aDİ: Bugra
Password: cvc

K aDİ: Bugra
Password: grgrgr

K aDİ: dede
Password: dededede

K aDİ: defef
Password: fefefefe

K aDİ: yuyhhu
Password: uhuhuh

K aDİ: 
Password: 

K aDİ: 
Password: 

K aDİ: 
Password: 

K aDİ: fefef
Password: fefefe

K aDİ: fefef
Password: fefefe

K aDİ: dwdww
Password: dwdd

K aDİ: Bugra
Password: sasasasa

K aDİ: dwdww
Password: dwddhyh

K aDİ: dwdww
Password: dwddhyh

K aDİ: dwdww
Password: dwddhyh

K aDİ: dwdww
Password: dwddhyh

K aDİ: dwdww
Password: dwddhyh

K aDİ: dwdww
Password: dwddhyh

K aDİ: dwdww
Password: dwddhyh

K aDİ: dwdww
Password: dwddhyh

K aDİ: dwdww
Password: dwddhyh

